<?xml version="1.0" encoding="UTF-8"?>
<!-- Generated by org.testng.reporters.JUnitReportReporter -->
<testsuite skipped="0" hostname="tawhids-MacBook-Air.local" name="test.ValidateListPageTest" tests="1" failures="0" timestamp="04 May 2021 16:11:39 GMT" time="19.262" errors="0">
  <testcase name="verifyList" time="19.262" classname="test.ValidateListPageTest"/>
</testsuite> <!-- test.ValidateListPageTest -->
