<?xml version="1.0" encoding="UTF-8"?>
<!-- Generated by org.testng.reporters.JUnitReportReporter -->
<testsuite skipped="0" hostname="tawhids-Air.home" name="test.DolibarTest" tests="1" failures="0" timestamp="29 Apr 2021 04:44:11 GMT" time="2.136" errors="0">
  <testcase name="dolibarTest" time="2.136" classname="test.DolibarTest"/>
</testsuite> <!-- test.DolibarTest -->
