<?xml version="1.0" encoding="UTF-8"?>
<!-- Generated by org.testng.reporters.JUnitReportReporter -->
<testsuite skipped="0" hostname="tawhids-Air.home" name="test.HomePageTest" tests="1" failures="0" timestamp="29 Apr 2021 05:11:54 GMT" time="9.070" errors="0">
  <testcase name="homePageTest" time="9.070" classname="test.HomePageTest"/>
</testsuite> <!-- test.HomePageTest -->
