<?xml version="1.0" encoding="UTF-8"?>
<!-- Generated by org.testng.reporters.JUnitReportReporter -->
<testsuite skipped="0" hostname="tawhids-MacBook-Air.local" name="test.InvoicePageTest" tests="1" failures="0" timestamp="04 May 2021 16:11:34 GMT" time="46.843" errors="0">
  <testcase name="verifyInvoiceCreeation" time="46.843" classname="test.InvoicePageTest"/>
</testsuite> <!-- test.InvoicePageTest -->
