<?xml version="1.0" encoding="UTF-8"?>
<!-- Generated by org.testng.reporters.JUnitReportReporter -->
<testsuite skipped="0" hostname="tawhids-Air.home" name="test.BillingPageTest" tests="1" failures="0" timestamp="29 Apr 2021 05:21:57 GMT" time="9.732" errors="0">
  <testcase name="billingPageTest" time="9.732" classname="test.BillingPageTest"/>
</testsuite> <!-- test.BillingPageTest -->
