<?xml version="1.0" encoding="UTF-8"?>
<!-- Generated by org.testng.reporters.JUnitReportReporter -->
<testsuite skipped="0" hostname="tawhids-Air.home" name="test.BaseTest" tests="1" failures="0" timestamp="29 Apr 2021 04:13:07 GMT" time="6.164" errors="0">
  <testcase name="setUpBrowser" time="6.164" classname="test.BaseTest"/>
</testsuite> <!-- test.BaseTest -->
